<?xml version="1.0" encoding="UTF-8"?>
<testsuite xmlns:xsi="http://www.w3.org/2001/XMLSchema-instance" xsi:noNamespaceSchemaLocation="https://maven.apache.org/surefire/maven-surefire-plugin/xsd/surefire-test-report.xsd" name="com.pluralsight.tddjunit5.airport.AirportTest" time="0.02" tests="5" errors="0" skipped="0" failures="0">
  <properties>
[...]
</properties>
  <testcase name="testEconomyFlightUsualPassager" classname="com.pluralsight.tddjunit5.airport.AirportTest" time="0.011"/>
  <testcase name="testAirport" classname="com.pluralsight.tddjunit5.airport.AirportTest" time="0"/>
  <testcase name="testBusinessFlightVipPassager" classname="com.pluralsight.tddjunit5.airport.AirportTest" time="0.001"/>
  <testcase name="testBusinessFlightUsualPassager" classname="com.pluralsight.tddjunit5.airport.AirportTest" time="0"/>
  <testcase name="testEconomyFlightVipPassager" classname="com.pluralsight.tddjunit5.airport.AirportTest" time="0"/>
</testsuite>